C:\USERS\PC\DESKTOP\毛不易老婆的文件夹\科林\网络项目\1027CLIENT\1027CLIENT\DEBUG\1027CLIENT.PCH
C:\USERS\PC\DESKTOP\毛不易老婆的文件夹\科林\网络项目\1027CLIENT\1027CLIENT\DEBUG\STDAFX.OBJ
C:\USERS\PC\DESKTOP\毛不易老婆的文件夹\科林\网络项目\1027CLIENT\1027CLIENT\DEBUG\VC110.PDB
C:\USERS\PC\DESKTOP\毛不易老婆的文件夹\科林\网络项目\1027CLIENT\1027CLIENT\DEBUG\TCPKERNEL.OBJ
C:\USERS\PC\DESKTOP\毛不易老婆的文件夹\科林\网络项目\1027CLIENT\1027CLIENT\DEBUG\TCPNET.OBJ
C:\USERS\PC\DESKTOP\毛不易老婆的文件夹\科林\网络项目\1027CLIENT\1027CLIENT\DEBUG\1027CLIENT.OBJ
C:\USERS\PC\DESKTOP\毛不易老婆的文件夹\科林\网络项目\1027CLIENT\1027CLIENT\DEBUG\1027CLIENTDLG.OBJ
C:\USERS\PC\DESKTOP\毛不易老婆的文件夹\科林\网络项目\1027CLIENT\1027CLIENT\DEBUG\MYDLGMAIN.OBJ
C:\USERS\PC\DESKTOP\毛不易老婆的文件夹\科林\网络项目\1027CLIENT\1027CLIENT\DEBUG\ROOMDLG.OBJ
C:\USERS\PC\DESKTOP\毛不易老婆的文件夹\科林\网络项目\1027CLIENT\1027CLIENT\DEBUG\ROOMDLGG.OBJ
C:\USERS\PC\DESKTOP\毛不易老婆的文件夹\科林\网络项目\1027CLIENT\DEBUG\1027CLIENT.ILK
C:\USERS\PC\DESKTOP\毛不易老婆的文件夹\科林\网络项目\1027CLIENT\DEBUG\1027CLIENT.EXE
C:\USERS\PC\DESKTOP\毛不易老婆的文件夹\科林\网络项目\1027CLIENT\DEBUG\1027CLIENT.PDB
C:\USERS\PC\DESKTOP\毛不易老婆的文件夹\科林\网络项目\1027CLIENT\1027CLIENT\DEBUG\1027CLIENT.RES
C:\Users\pc\Desktop\毛不易老婆的文件夹\科林\网络项目\1027Client\1027Client\Debug\1027Client.obj
C:\Users\pc\Desktop\毛不易老婆的文件夹\科林\网络项目\1027Client\1027Client\Debug\1027ClientDlg.obj
C:\Users\pc\Desktop\毛不易老婆的文件夹\科林\网络项目\1027Client\1027Client\Debug\MyDlgMain.obj
C:\Users\pc\Desktop\毛不易老婆的文件夹\科林\网络项目\1027Client\1027Client\Debug\RoomDlg.obj
C:\Users\pc\Desktop\毛不易老婆的文件夹\科林\网络项目\1027Client\1027Client\Debug\RoomDlgg.obj
C:\Users\pc\Desktop\毛不易老婆的文件夹\科林\网络项目\1027Client\1027Client\Debug\stdafx.obj
C:\Users\pc\Desktop\毛不易老婆的文件夹\科林\网络项目\1027Client\1027Client\Debug\TCPKernel.obj
C:\Users\pc\Desktop\毛不易老婆的文件夹\科林\网络项目\1027Client\1027Client\Debug\TCPNet.obj
C:\Users\pc\Desktop\毛不易老婆的文件夹\科林\网络项目\1027Client\1027Client\Debug\test.obj
C:\Users\pc\Desktop\毛不易老婆的文件夹\科林\网络项目\1027Client\1027Client\Debug\cl.command.1.tlog
C:\Users\pc\Desktop\毛不易老婆的文件夹\科林\网络项目\1027Client\1027Client\Debug\CL.read.1.tlog
C:\Users\pc\Desktop\毛不易老婆的文件夹\科林\网络项目\1027Client\1027Client\Debug\CL.write.1.tlog
C:\Users\pc\Desktop\毛不易老婆的文件夹\科林\网络项目\1027Client\1027Client\Debug\link-cvtres.read.1.tlog
C:\Users\pc\Desktop\毛不易老婆的文件夹\科林\网络项目\1027Client\1027Client\Debug\link-cvtres.write.1.tlog
C:\Users\pc\Desktop\毛不易老婆的文件夹\科林\网络项目\1027Client\1027Client\Debug\link-mt.read.1.tlog
C:\Users\pc\Desktop\毛不易老婆的文件夹\科林\网络项目\1027Client\1027Client\Debug\link-mt.write.1.tlog
C:\Users\pc\Desktop\毛不易老婆的文件夹\科林\网络项目\1027Client\1027Client\Debug\link-rc.read.1.tlog
C:\Users\pc\Desktop\毛不易老婆的文件夹\科林\网络项目\1027Client\1027Client\Debug\link-rc.write.1.tlog
C:\Users\pc\Desktop\毛不易老婆的文件夹\科林\网络项目\1027Client\1027Client\Debug\link.11056-cvtres.read.1.tlog
C:\Users\pc\Desktop\毛不易老婆的文件夹\科林\网络项目\1027Client\1027Client\Debug\link.11056-cvtres.write.1.tlog
C:\Users\pc\Desktop\毛不易老婆的文件夹\科林\网络项目\1027Client\1027Client\Debug\link.11056-mt.read.1.tlog
C:\Users\pc\Desktop\毛不易老婆的文件夹\科林\网络项目\1027Client\1027Client\Debug\link.11056-mt.write.1.tlog
C:\Users\pc\Desktop\毛不易老婆的文件夹\科林\网络项目\1027Client\1027Client\Debug\link.11056-rc.read.1.tlog
C:\Users\pc\Desktop\毛不易老婆的文件夹\科林\网络项目\1027Client\1027Client\Debug\link.11056-rc.write.1.tlog
C:\Users\pc\Desktop\毛不易老婆的文件夹\科林\网络项目\1027Client\1027Client\Debug\link.11056.read.1.tlog
C:\Users\pc\Desktop\毛不易老婆的文件夹\科林\网络项目\1027Client\1027Client\Debug\link.11056.write.1.tlog
C:\Users\pc\Desktop\毛不易老婆的文件夹\科林\网络项目\1027Client\1027Client\Debug\link.11352-cvtres.read.1.tlog
C:\Users\pc\Desktop\毛不易老婆的文件夹\科林\网络项目\1027Client\1027Client\Debug\link.11352-cvtres.write.1.tlog
C:\Users\pc\Desktop\毛不易老婆的文件夹\科林\网络项目\1027Client\1027Client\Debug\link.11352-mt.read.1.tlog
C:\Users\pc\Desktop\毛不易老婆的文件夹\科林\网络项目\1027Client\1027Client\Debug\link.11352-mt.write.1.tlog
C:\Users\pc\Desktop\毛不易老婆的文件夹\科林\网络项目\1027Client\1027Client\Debug\link.11352-rc.read.1.tlog
C:\Users\pc\Desktop\毛不易老婆的文件夹\科林\网络项目\1027Client\1027Client\Debug\link.11352-rc.write.1.tlog
C:\Users\pc\Desktop\毛不易老婆的文件夹\科林\网络项目\1027Client\1027Client\Debug\link.11352.read.1.tlog
C:\Users\pc\Desktop\毛不易老婆的文件夹\科林\网络项目\1027Client\1027Client\Debug\link.11352.write.1.tlog
C:\Users\pc\Desktop\毛不易老婆的文件夹\科林\网络项目\1027Client\1027Client\Debug\link.12256-cvtres.read.1.tlog
C:\Users\pc\Desktop\毛不易老婆的文件夹\科林\网络项目\1027Client\1027Client\Debug\link.12256-cvtres.write.1.tlog
C:\Users\pc\Desktop\毛不易老婆的文件夹\科林\网络项目\1027Client\1027Client\Debug\link.12256-mt.read.1.tlog
C:\Users\pc\Desktop\毛不易老婆的文件夹\科林\网络项目\1027Client\1027Client\Debug\link.12256-mt.write.1.tlog
C:\Users\pc\Desktop\毛不易老婆的文件夹\科林\网络项目\1027Client\1027Client\Debug\link.12256-rc.read.1.tlog
C:\Users\pc\Desktop\毛不易老婆的文件夹\科林\网络项目\1027Client\1027Client\Debug\link.12256-rc.write.1.tlog
C:\Users\pc\Desktop\毛不易老婆的文件夹\科林\网络项目\1027Client\1027Client\Debug\link.12256.read.1.tlog
C:\Users\pc\Desktop\毛不易老婆的文件夹\科林\网络项目\1027Client\1027Client\Debug\link.12256.write.1.tlog
C:\Users\pc\Desktop\毛不易老婆的文件夹\科林\网络项目\1027Client\1027Client\Debug\link.12604-cvtres.read.1.tlog
C:\Users\pc\Desktop\毛不易老婆的文件夹\科林\网络项目\1027Client\1027Client\Debug\link.12604-cvtres.write.1.tlog
C:\Users\pc\Desktop\毛不易老婆的文件夹\科林\网络项目\1027Client\1027Client\Debug\link.12604-mt.read.1.tlog
C:\Users\pc\Desktop\毛不易老婆的文件夹\科林\网络项目\1027Client\1027Client\Debug\link.12604-mt.write.1.tlog
C:\Users\pc\Desktop\毛不易老婆的文件夹\科林\网络项目\1027Client\1027Client\Debug\link.12604-rc.read.1.tlog
C:\Users\pc\Desktop\毛不易老婆的文件夹\科林\网络项目\1027Client\1027Client\Debug\link.12604-rc.write.1.tlog
C:\Users\pc\Desktop\毛不易老婆的文件夹\科林\网络项目\1027Client\1027Client\Debug\link.12604.read.1.tlog
C:\Users\pc\Desktop\毛不易老婆的文件夹\科林\网络项目\1027Client\1027Client\Debug\link.12604.write.1.tlog
C:\Users\pc\Desktop\毛不易老婆的文件夹\科林\网络项目\1027Client\1027Client\Debug\link.12636-cvtres.read.1.tlog
C:\Users\pc\Desktop\毛不易老婆的文件夹\科林\网络项目\1027Client\1027Client\Debug\link.12636-cvtres.write.1.tlog
C:\Users\pc\Desktop\毛不易老婆的文件夹\科林\网络项目\1027Client\1027Client\Debug\link.12636-mt.read.1.tlog
C:\Users\pc\Desktop\毛不易老婆的文件夹\科林\网络项目\1027Client\1027Client\Debug\link.12636-mt.write.1.tlog
C:\Users\pc\Desktop\毛不易老婆的文件夹\科林\网络项目\1027Client\1027Client\Debug\link.12636-rc.read.1.tlog
C:\Users\pc\Desktop\毛不易老婆的文件夹\科林\网络项目\1027Client\1027Client\Debug\link.12636-rc.write.1.tlog
C:\Users\pc\Desktop\毛不易老婆的文件夹\科林\网络项目\1027Client\1027Client\Debug\link.12636.read.1.tlog
C:\Users\pc\Desktop\毛不易老婆的文件夹\科林\网络项目\1027Client\1027Client\Debug\link.12636.write.1.tlog
C:\Users\pc\Desktop\毛不易老婆的文件夹\科林\网络项目\1027Client\1027Client\Debug\link.1268-cvtres.read.1.tlog
C:\Users\pc\Desktop\毛不易老婆的文件夹\科林\网络项目\1027Client\1027Client\Debug\link.1268-cvtres.write.1.tlog
C:\Users\pc\Desktop\毛不易老婆的文件夹\科林\网络项目\1027Client\1027Client\Debug\link.1268-mt.read.1.tlog
C:\Users\pc\Desktop\毛不易老婆的文件夹\科林\网络项目\1027Client\1027Client\Debug\link.1268-mt.write.1.tlog
C:\Users\pc\Desktop\毛不易老婆的文件夹\科林\网络项目\1027Client\1027Client\Debug\link.1268-rc.read.1.tlog
C:\Users\pc\Desktop\毛不易老婆的文件夹\科林\网络项目\1027Client\1027Client\Debug\link.1268-rc.write.1.tlog
C:\Users\pc\Desktop\毛不易老婆的文件夹\科林\网络项目\1027Client\1027Client\Debug\link.1268.read.1.tlog
C:\Users\pc\Desktop\毛不易老婆的文件夹\科林\网络项目\1027Client\1027Client\Debug\link.1268.write.1.tlog
C:\Users\pc\Desktop\毛不易老婆的文件夹\科林\网络项目\1027Client\1027Client\Debug\link.1280-cvtres.read.1.tlog
C:\Users\pc\Desktop\毛不易老婆的文件夹\科林\网络项目\1027Client\1027Client\Debug\link.1280-cvtres.write.1.tlog
C:\Users\pc\Desktop\毛不易老婆的文件夹\科林\网络项目\1027Client\1027Client\Debug\link.1280-mt.read.1.tlog
C:\Users\pc\Desktop\毛不易老婆的文件夹\科林\网络项目\1027Client\1027Client\Debug\link.1280-mt.write.1.tlog
C:\Users\pc\Desktop\毛不易老婆的文件夹\科林\网络项目\1027Client\1027Client\Debug\link.1280-rc.read.1.tlog
C:\Users\pc\Desktop\毛不易老婆的文件夹\科林\网络项目\1027Client\1027Client\Debug\link.1280-rc.write.1.tlog
C:\Users\pc\Desktop\毛不易老婆的文件夹\科林\网络项目\1027Client\1027Client\Debug\link.1280.read.1.tlog
C:\Users\pc\Desktop\毛不易老婆的文件夹\科林\网络项目\1027Client\1027Client\Debug\link.1280.write.1.tlog
C:\Users\pc\Desktop\毛不易老婆的文件夹\科林\网络项目\1027Client\1027Client\Debug\link.12932-cvtres.read.1.tlog
C:\Users\pc\Desktop\毛不易老婆的文件夹\科林\网络项目\1027Client\1027Client\Debug\link.12932-cvtres.write.1.tlog
C:\Users\pc\Desktop\毛不易老婆的文件夹\科林\网络项目\1027Client\1027Client\Debug\link.12932-mt.read.1.tlog
C:\Users\pc\Desktop\毛不易老婆的文件夹\科林\网络项目\1027Client\1027Client\Debug\link.12932-mt.write.1.tlog
C:\Users\pc\Desktop\毛不易老婆的文件夹\科林\网络项目\1027Client\1027Client\Debug\link.12932-rc.read.1.tlog
C:\Users\pc\Desktop\毛不易老婆的文件夹\科林\网络项目\1027Client\1027Client\Debug\link.12932-rc.write.1.tlog
C:\Users\pc\Desktop\毛不易老婆的文件夹\科林\网络项目\1027Client\1027Client\Debug\link.12932.read.1.tlog
C:\Users\pc\Desktop\毛不易老婆的文件夹\科林\网络项目\1027Client\1027Client\Debug\link.12932.write.1.tlog
C:\Users\pc\Desktop\毛不易老婆的文件夹\科林\网络项目\1027Client\1027Client\Debug\link.14016-cvtres.read.1.tlog
C:\Users\pc\Desktop\毛不易老婆的文件夹\科林\网络项目\1027Client\1027Client\Debug\link.14016-cvtres.write.1.tlog
C:\Users\pc\Desktop\毛不易老婆的文件夹\科林\网络项目\1027Client\1027Client\Debug\link.14016-mt.read.1.tlog
C:\Users\pc\Desktop\毛不易老婆的文件夹\科林\网络项目\1027Client\1027Client\Debug\link.14016-mt.write.1.tlog
C:\Users\pc\Desktop\毛不易老婆的文件夹\科林\网络项目\1027Client\1027Client\Debug\link.14016-rc.read.1.tlog
C:\Users\pc\Desktop\毛不易老婆的文件夹\科林\网络项目\1027Client\1027Client\Debug\link.14016-rc.write.1.tlog
C:\Users\pc\Desktop\毛不易老婆的文件夹\科林\网络项目\1027Client\1027Client\Debug\link.14016.read.1.tlog
C:\Users\pc\Desktop\毛不易老婆的文件夹\科林\网络项目\1027Client\1027Client\Debug\link.14016.write.1.tlog
C:\Users\pc\Desktop\毛不易老婆的文件夹\科林\网络项目\1027Client\1027Client\Debug\link.14820-cvtres.read.1.tlog
C:\Users\pc\Desktop\毛不易老婆的文件夹\科林\网络项目\1027Client\1027Client\Debug\link.14820-cvtres.write.1.tlog
C:\Users\pc\Desktop\毛不易老婆的文件夹\科林\网络项目\1027Client\1027Client\Debug\link.14820-mt.read.1.tlog
C:\Users\pc\Desktop\毛不易老婆的文件夹\科林\网络项目\1027Client\1027Client\Debug\link.14820-mt.write.1.tlog
C:\Users\pc\Desktop\毛不易老婆的文件夹\科林\网络项目\1027Client\1027Client\Debug\link.14820-rc.read.1.tlog
C:\Users\pc\Desktop\毛不易老婆的文件夹\科林\网络项目\1027Client\1027Client\Debug\link.14820-rc.write.1.tlog
C:\Users\pc\Desktop\毛不易老婆的文件夹\科林\网络项目\1027Client\1027Client\Debug\link.14820.read.1.tlog
C:\Users\pc\Desktop\毛不易老婆的文件夹\科林\网络项目\1027Client\1027Client\Debug\link.14820.write.1.tlog
C:\Users\pc\Desktop\毛不易老婆的文件夹\科林\网络项目\1027Client\1027Client\Debug\link.15768-cvtres.read.1.tlog
C:\Users\pc\Desktop\毛不易老婆的文件夹\科林\网络项目\1027Client\1027Client\Debug\link.15768-cvtres.write.1.tlog
C:\Users\pc\Desktop\毛不易老婆的文件夹\科林\网络项目\1027Client\1027Client\Debug\link.15768-mt.read.1.tlog
C:\Users\pc\Desktop\毛不易老婆的文件夹\科林\网络项目\1027Client\1027Client\Debug\link.15768-mt.write.1.tlog
C:\Users\pc\Desktop\毛不易老婆的文件夹\科林\网络项目\1027Client\1027Client\Debug\link.15768-rc.read.1.tlog
C:\Users\pc\Desktop\毛不易老婆的文件夹\科林\网络项目\1027Client\1027Client\Debug\link.15768-rc.write.1.tlog
C:\Users\pc\Desktop\毛不易老婆的文件夹\科林\网络项目\1027Client\1027Client\Debug\link.15768.read.1.tlog
C:\Users\pc\Desktop\毛不易老婆的文件夹\科林\网络项目\1027Client\1027Client\Debug\link.15768.write.1.tlog
C:\Users\pc\Desktop\毛不易老婆的文件夹\科林\网络项目\1027Client\1027Client\Debug\link.15960-cvtres.read.1.tlog
C:\Users\pc\Desktop\毛不易老婆的文件夹\科林\网络项目\1027Client\1027Client\Debug\link.15960-cvtres.write.1.tlog
C:\Users\pc\Desktop\毛不易老婆的文件夹\科林\网络项目\1027Client\1027Client\Debug\link.15960-mt.read.1.tlog
C:\Users\pc\Desktop\毛不易老婆的文件夹\科林\网络项目\1027Client\1027Client\Debug\link.15960-mt.write.1.tlog
C:\Users\pc\Desktop\毛不易老婆的文件夹\科林\网络项目\1027Client\1027Client\Debug\link.15960-rc.read.1.tlog
C:\Users\pc\Desktop\毛不易老婆的文件夹\科林\网络项目\1027Client\1027Client\Debug\link.15960-rc.write.1.tlog
C:\Users\pc\Desktop\毛不易老婆的文件夹\科林\网络项目\1027Client\1027Client\Debug\link.15960.read.1.tlog
C:\Users\pc\Desktop\毛不易老婆的文件夹\科林\网络项目\1027Client\1027Client\Debug\link.15960.write.1.tlog
C:\Users\pc\Desktop\毛不易老婆的文件夹\科林\网络项目\1027Client\1027Client\Debug\link.16988-cvtres.read.1.tlog
C:\Users\pc\Desktop\毛不易老婆的文件夹\科林\网络项目\1027Client\1027Client\Debug\link.16988-cvtres.write.1.tlog
C:\Users\pc\Desktop\毛不易老婆的文件夹\科林\网络项目\1027Client\1027Client\Debug\link.16988-mt.read.1.tlog
C:\Users\pc\Desktop\毛不易老婆的文件夹\科林\网络项目\1027Client\1027Client\Debug\link.16988-mt.write.1.tlog
C:\Users\pc\Desktop\毛不易老婆的文件夹\科林\网络项目\1027Client\1027Client\Debug\link.16988-rc.read.1.tlog
C:\Users\pc\Desktop\毛不易老婆的文件夹\科林\网络项目\1027Client\1027Client\Debug\link.16988-rc.write.1.tlog
C:\Users\pc\Desktop\毛不易老婆的文件夹\科林\网络项目\1027Client\1027Client\Debug\link.16988.read.1.tlog
C:\Users\pc\Desktop\毛不易老婆的文件夹\科林\网络项目\1027Client\1027Client\Debug\link.16988.write.1.tlog
C:\Users\pc\Desktop\毛不易老婆的文件夹\科林\网络项目\1027Client\1027Client\Debug\link.3804-cvtres.read.1.tlog
C:\Users\pc\Desktop\毛不易老婆的文件夹\科林\网络项目\1027Client\1027Client\Debug\link.3804-cvtres.write.1.tlog
C:\Users\pc\Desktop\毛不易老婆的文件夹\科林\网络项目\1027Client\1027Client\Debug\link.3804-mt.read.1.tlog
C:\Users\pc\Desktop\毛不易老婆的文件夹\科林\网络项目\1027Client\1027Client\Debug\link.3804-mt.write.1.tlog
C:\Users\pc\Desktop\毛不易老婆的文件夹\科林\网络项目\1027Client\1027Client\Debug\link.3804-rc.read.1.tlog
C:\Users\pc\Desktop\毛不易老婆的文件夹\科林\网络项目\1027Client\1027Client\Debug\link.3804-rc.write.1.tlog
C:\Users\pc\Desktop\毛不易老婆的文件夹\科林\网络项目\1027Client\1027Client\Debug\link.3804.read.1.tlog
C:\Users\pc\Desktop\毛不易老婆的文件夹\科林\网络项目\1027Client\1027Client\Debug\link.3804.write.1.tlog
C:\Users\pc\Desktop\毛不易老婆的文件夹\科林\网络项目\1027Client\1027Client\Debug\link.3832-cvtres.read.1.tlog
C:\Users\pc\Desktop\毛不易老婆的文件夹\科林\网络项目\1027Client\1027Client\Debug\link.3832-cvtres.write.1.tlog
C:\Users\pc\Desktop\毛不易老婆的文件夹\科林\网络项目\1027Client\1027Client\Debug\link.3832-mt.read.1.tlog
C:\Users\pc\Desktop\毛不易老婆的文件夹\科林\网络项目\1027Client\1027Client\Debug\link.3832-mt.write.1.tlog
C:\Users\pc\Desktop\毛不易老婆的文件夹\科林\网络项目\1027Client\1027Client\Debug\link.3832-rc.read.1.tlog
C:\Users\pc\Desktop\毛不易老婆的文件夹\科林\网络项目\1027Client\1027Client\Debug\link.3832-rc.write.1.tlog
C:\Users\pc\Desktop\毛不易老婆的文件夹\科林\网络项目\1027Client\1027Client\Debug\link.3832.read.1.tlog
C:\Users\pc\Desktop\毛不易老婆的文件夹\科林\网络项目\1027Client\1027Client\Debug\link.3832.write.1.tlog
C:\Users\pc\Desktop\毛不易老婆的文件夹\科林\网络项目\1027Client\1027Client\Debug\link.5292-cvtres.read.1.tlog
C:\Users\pc\Desktop\毛不易老婆的文件夹\科林\网络项目\1027Client\1027Client\Debug\link.5292-cvtres.write.1.tlog
C:\Users\pc\Desktop\毛不易老婆的文件夹\科林\网络项目\1027Client\1027Client\Debug\link.5292-mt.read.1.tlog
C:\Users\pc\Desktop\毛不易老婆的文件夹\科林\网络项目\1027Client\1027Client\Debug\link.5292-mt.write.1.tlog
C:\Users\pc\Desktop\毛不易老婆的文件夹\科林\网络项目\1027Client\1027Client\Debug\link.5292-rc.read.1.tlog
C:\Users\pc\Desktop\毛不易老婆的文件夹\科林\网络项目\1027Client\1027Client\Debug\link.5292-rc.write.1.tlog
C:\Users\pc\Desktop\毛不易老婆的文件夹\科林\网络项目\1027Client\1027Client\Debug\link.5292.read.1.tlog
C:\Users\pc\Desktop\毛不易老婆的文件夹\科林\网络项目\1027Client\1027Client\Debug\link.5292.write.1.tlog
C:\Users\pc\Desktop\毛不易老婆的文件夹\科林\网络项目\1027Client\1027Client\Debug\link.7440-cvtres.read.1.tlog
C:\Users\pc\Desktop\毛不易老婆的文件夹\科林\网络项目\1027Client\1027Client\Debug\link.7440-cvtres.write.1.tlog
C:\Users\pc\Desktop\毛不易老婆的文件夹\科林\网络项目\1027Client\1027Client\Debug\link.7440-mt.read.1.tlog
C:\Users\pc\Desktop\毛不易老婆的文件夹\科林\网络项目\1027Client\1027Client\Debug\link.7440-mt.write.1.tlog
C:\Users\pc\Desktop\毛不易老婆的文件夹\科林\网络项目\1027Client\1027Client\Debug\link.7440-rc.read.1.tlog
C:\Users\pc\Desktop\毛不易老婆的文件夹\科林\网络项目\1027Client\1027Client\Debug\link.7440-rc.write.1.tlog
C:\Users\pc\Desktop\毛不易老婆的文件夹\科林\网络项目\1027Client\1027Client\Debug\link.7440.read.1.tlog
C:\Users\pc\Desktop\毛不易老婆的文件夹\科林\网络项目\1027Client\1027Client\Debug\link.7440.write.1.tlog
C:\Users\pc\Desktop\毛不易老婆的文件夹\科林\网络项目\1027Client\1027Client\Debug\link.7968-cvtres.read.1.tlog
C:\Users\pc\Desktop\毛不易老婆的文件夹\科林\网络项目\1027Client\1027Client\Debug\link.7968-cvtres.write.1.tlog
C:\Users\pc\Desktop\毛不易老婆的文件夹\科林\网络项目\1027Client\1027Client\Debug\link.7968-mt.read.1.tlog
C:\Users\pc\Desktop\毛不易老婆的文件夹\科林\网络项目\1027Client\1027Client\Debug\link.7968-mt.write.1.tlog
C:\Users\pc\Desktop\毛不易老婆的文件夹\科林\网络项目\1027Client\1027Client\Debug\link.7968-rc.read.1.tlog
C:\Users\pc\Desktop\毛不易老婆的文件夹\科林\网络项目\1027Client\1027Client\Debug\link.7968-rc.write.1.tlog
C:\Users\pc\Desktop\毛不易老婆的文件夹\科林\网络项目\1027Client\1027Client\Debug\link.7968.read.1.tlog
C:\Users\pc\Desktop\毛不易老婆的文件夹\科林\网络项目\1027Client\1027Client\Debug\link.7968.write.1.tlog
C:\Users\pc\Desktop\毛不易老婆的文件夹\科林\网络项目\1027Client\1027Client\Debug\link.8084-cvtres.read.1.tlog
C:\Users\pc\Desktop\毛不易老婆的文件夹\科林\网络项目\1027Client\1027Client\Debug\link.8084-cvtres.write.1.tlog
C:\Users\pc\Desktop\毛不易老婆的文件夹\科林\网络项目\1027Client\1027Client\Debug\link.8084-mt.read.1.tlog
C:\Users\pc\Desktop\毛不易老婆的文件夹\科林\网络项目\1027Client\1027Client\Debug\link.8084-mt.write.1.tlog
C:\Users\pc\Desktop\毛不易老婆的文件夹\科林\网络项目\1027Client\1027Client\Debug\link.8084-rc.read.1.tlog
C:\Users\pc\Desktop\毛不易老婆的文件夹\科林\网络项目\1027Client\1027Client\Debug\link.8084-rc.write.1.tlog
C:\Users\pc\Desktop\毛不易老婆的文件夹\科林\网络项目\1027Client\1027Client\Debug\link.8084.read.1.tlog
C:\Users\pc\Desktop\毛不易老婆的文件夹\科林\网络项目\1027Client\1027Client\Debug\link.8084.write.1.tlog
C:\Users\pc\Desktop\毛不易老婆的文件夹\科林\网络项目\1027Client\1027Client\Debug\link.8388-cvtres.read.1.tlog
C:\Users\pc\Desktop\毛不易老婆的文件夹\科林\网络项目\1027Client\1027Client\Debug\link.8388-cvtres.write.1.tlog
C:\Users\pc\Desktop\毛不易老婆的文件夹\科林\网络项目\1027Client\1027Client\Debug\link.8388-mt.read.1.tlog
C:\Users\pc\Desktop\毛不易老婆的文件夹\科林\网络项目\1027Client\1027Client\Debug\link.8388-mt.write.1.tlog
C:\Users\pc\Desktop\毛不易老婆的文件夹\科林\网络项目\1027Client\1027Client\Debug\link.8388-rc.read.1.tlog
C:\Users\pc\Desktop\毛不易老婆的文件夹\科林\网络项目\1027Client\1027Client\Debug\link.8388-rc.write.1.tlog
C:\Users\pc\Desktop\毛不易老婆的文件夹\科林\网络项目\1027Client\1027Client\Debug\link.8388.read.1.tlog
C:\Users\pc\Desktop\毛不易老婆的文件夹\科林\网络项目\1027Client\1027Client\Debug\link.8388.write.1.tlog
C:\Users\pc\Desktop\毛不易老婆的文件夹\科林\网络项目\1027Client\1027Client\Debug\link.9428-cvtres.read.1.tlog
C:\Users\pc\Desktop\毛不易老婆的文件夹\科林\网络项目\1027Client\1027Client\Debug\link.9428-cvtres.write.1.tlog
C:\Users\pc\Desktop\毛不易老婆的文件夹\科林\网络项目\1027Client\1027Client\Debug\link.9428-mt.read.1.tlog
C:\Users\pc\Desktop\毛不易老婆的文件夹\科林\网络项目\1027Client\1027Client\Debug\link.9428-mt.write.1.tlog
C:\Users\pc\Desktop\毛不易老婆的文件夹\科林\网络项目\1027Client\1027Client\Debug\link.9428-rc.read.1.tlog
C:\Users\pc\Desktop\毛不易老婆的文件夹\科林\网络项目\1027Client\1027Client\Debug\link.9428-rc.write.1.tlog
C:\Users\pc\Desktop\毛不易老婆的文件夹\科林\网络项目\1027Client\1027Client\Debug\link.9428.read.1.tlog
C:\Users\pc\Desktop\毛不易老婆的文件夹\科林\网络项目\1027Client\1027Client\Debug\link.9428.write.1.tlog
C:\Users\pc\Desktop\毛不易老婆的文件夹\科林\网络项目\1027Client\1027Client\Debug\link.command.1.tlog
C:\Users\pc\Desktop\毛不易老婆的文件夹\科林\网络项目\1027Client\1027Client\Debug\link.read.1.tlog
C:\Users\pc\Desktop\毛不易老婆的文件夹\科林\网络项目\1027Client\1027Client\Debug\link.write.1.tlog
C:\Users\pc\Desktop\毛不易老婆的文件夹\科林\网络项目\1027Client\1027Client\Debug\rc.command.1.tlog
C:\Users\pc\Desktop\毛不易老婆的文件夹\科林\网络项目\1027Client\1027Client\Debug\rc.read.1.tlog
C:\Users\pc\Desktop\毛不易老婆的文件夹\科林\网络项目\1027Client\1027Client\Debug\rc.write.1.tlog
C:\Users\pc\Desktop\毛不易老婆的文件夹\科林\网络项目\1027Client\1027Client\Debug\1027Client.res
C:\Users\pc\Desktop\毛不易老婆的文件夹\科林\网络项目\1027Client\1027Client\Debug\1027Client.pch
C:\Users\pc\Desktop\毛不易老婆的文件夹\科林\网络项目\1027Client\1027Client\Debug\vc110.idb
C:\Users\pc\Desktop\毛不易老婆的文件夹\科林\网络项目\1027Client\1027Client\Debug\vc110.pdb
C:\Users\pc\Desktop\毛不易老婆的文件夹\科林\网络项目\1027Client\Debug\1027Client.pdb
C:\Users\pc\Desktop\毛不易老婆的文件夹\科林\网络项目\1027Client\Debug\1027Client.exe
C:\Users\pc\Desktop\毛不易老婆的文件夹\科林\网络项目\1027Client\Debug\1027Client.ilk
